<?xml version="1.0" encoding="UTF-8"?>
<!-- Generated by org.testng.reporters.JUnitXMLReporter -->
<testsuite hostname="Manju-PC" name="Test" tests="4" failures="0" timestamp="20 Dec 2017 11:12:35 GMT" time="0.048" errors="0">
  <testcase name="Login_ValidLogin" time="0.0" classname="testScript.Scenario_Login">
    <skipped/>
  </testcase> <!-- Login_ValidLogin -->
  <testcase name="Login_inValidLogin" time="0.0" classname="testScript.Scenario_Login">
    <skipped/>
  </testcase> <!-- Login_inValidLogin -->
  <testcase name="Search_ValidSearch" time="0.0" classname="testScript.Scenario_Search">
    <skipped/>
  </testcase> <!-- Search_ValidSearch -->
  <testcase name="Search_inValidSearch" time="0.0" classname="testScript.Scenario_Search">
    <skipped/>
  </testcase> <!-- Search_inValidSearch -->
</testsuite> <!-- Test -->
